  main.c
  tcas_koi_simulation.c
C:\Users\praim\source\repos\KimiK_TCAS\KimiK_TCAS\main.c(14,31): warning C4081: требуется "newline"; обнаружен ";"
C:\Users\praim\source\repos\KimiK_TCAS\KimiK_TCAS\main.c(20,12): warning C4566: символ, представленный универсальным именем символа "\uFFFD", невозможно представить в текущей кодовой странице (1251)
C:\Users\praim\source\repos\KimiK_TCAS\KimiK_TCAS\main.c(21,12): warning C4566: символ, представленный универсальным именем символа "\uFFFD", невозможно представить в текущей кодовой странице (1251)
C:\Users\praim\source\repos\KimiK_TCAS\KimiK_TCAS\main.c(25,11): warning C4244: функция: преобразование "time_t" в "unsigned int", возможна потеря данных
C:\Users\praim\source\repos\KimiK_TCAS\KimiK_TCAS\main.c(29,27): warning C4566: символ, представленный универсальным именем символа "\uFFFD", невозможно представить в текущей кодовой странице (1251)
C:\Users\praim\source\repos\KimiK_TCAS\KimiK_TCAS\main.c(55,12): warning C4566: символ, представленный универсальным именем символа "\uFFFD", невозможно представить в текущей кодовой странице (1251)
C:\Users\praim\source\repos\KimiK_TCAS\KimiK_TCAS\main.c(65,12): warning C4566: символ, представленный универсальным именем символа "\uFFFD", невозможно представить в текущей кодовой странице (1251)
C:\Users\praim\source\repos\KimiK_TCAS\KimiK_TCAS\main.c(103,12): warning C4566: символ, представленный универсальным именем символа "\uFFFD", невозможно представить в текущей кодовой странице (1251)
C:\Users\praim\source\repos\KimiK_TCAS\KimiK_TCAS\main.c(107,12): warning C4566: символ, представленный универсальным именем символа "\uFFFD", невозможно представить в текущей кодовой странице (1251)
C:\Users\praim\source\repos\KimiK_TCAS\KimiK_TCAS\main.c(120,12): warning C4566: символ, представленный универсальным именем символа "\uFFFD", невозможно представить в текущей кодовой странице (1251)
C:\Users\praim\source\repos\KimiK_TCAS\KimiK_TCAS\main.c(133,12): warning C4566: символ, представленный универсальным именем символа "\uFFFD", невозможно представить в текущей кодовой странице (1251)
C:\Users\praim\source\repos\KimiK_TCAS\KimiK_TCAS\main.c(146,12): warning C4566: символ, представленный универсальным именем символа "\uFFFD", невозможно представить в текущей кодовой странице (1251)
C:\Users\praim\source\repos\KimiK_TCAS\KimiK_TCAS\main.c(148,12): warning C4566: символ, представленный универсальным именем символа "\uFFFD", невозможно представить в текущей кодовой странице (1251)
C:\Users\praim\source\repos\KimiK_TCAS\KimiK_TCAS\main.c(149,12): warning C4566: символ, представленный универсальным именем символа "\uFFFD", невозможно представить в текущей кодовой странице (1251)
C:\Users\praim\source\repos\KimiK_TCAS\KimiK_TCAS\main.c(150,12): warning C4566: символ, представленный универсальным именем символа "\uFFFD", невозможно представить в текущей кодовой странице (1251)
C:\Users\praim\source\repos\KimiK_TCAS\KimiK_TCAS\main.c(151,12): warning C4566: символ, представленный универсальным именем символа "\uFFFD", невозможно представить в текущей кодовой странице (1251)
C:\Users\praim\source\repos\KimiK_TCAS\KimiK_TCAS\main.c(152,12): warning C4566: символ, представленный универсальным именем символа "\uFFFD", невозможно представить в текущей кодовой странице (1251)
C:\Users\praim\source\repos\KimiK_TCAS\KimiK_TCAS\main.c(154,12): warning C4566: символ, представленный универсальным именем символа "\uFFFD", невозможно представить в текущей кодовой странице (1251)
C:\Users\praim\source\repos\KimiK_TCAS\KimiK_TCAS\main.c(155,12): warning C4566: символ, представленный универсальным именем символа "\uFFFD", невозможно представить в текущей кодовой странице (1251)
C:\Users\praim\source\repos\KimiK_TCAS\KimiK_TCAS\main.c(156,12): warning C4566: символ, представленный универсальным именем символа "\uFFFD", невозможно представить в текущей кодовой странице (1251)
C:\Users\praim\source\repos\KimiK_TCAS\KimiK_TCAS\main.c(157,12): warning C4566: символ, представленный универсальным именем символа "\uFFFD", невозможно представить в текущей кодовой странице (1251)
C:\Users\praim\source\repos\KimiK_TCAS\KimiK_TCAS\main.c(158,12): warning C4566: символ, представленный универсальным именем символа "\uFFFD", невозможно представить в текущей кодовой странице (1251)
C:\Users\praim\source\repos\KimiK_TCAS\KimiK_TCAS\main.c(159,12): warning C4566: символ, представленный универсальным именем символа "\uFFFD", невозможно представить в текущей кодовой странице (1251)
C:\Users\praim\source\repos\KimiK_TCAS\KimiK_TCAS\main.c(161,12): warning C4566: символ, представленный универсальным именем символа "\uFFFD", невозможно представить в текущей кодовой странице (1251)
C:\Users\praim\source\repos\KimiK_TCAS\KimiK_TCAS\tcas_koi_simulation.c(527,11): warning C4244: функция: преобразование "time_t" в "unsigned int", возможна потеря данных
  Создание кода...
  KimiK_TCAS.vcxproj -> C:\Users\praim\source\repos\KimiK_TCAS\x64\Debug\KimiK_TCAS.exe
